<?xml version="1.0" encoding="UTF-8"?>
<!-- Generated by org.testng.reporters.JUnitReportReporter -->
<testsuite hostname="Shivani" name="com.inetbanking.testCases.TC_Logintest_001" tests="1" failures="0" timestamp="25 Aug 2021 18:43:24 GMT" time="1.233" errors="0">
  <testcase name="loginTest" time="1.233" classname="com.inetbanking.testCases.TC_Logintest_001"/>
</testsuite> <!-- com.inetbanking.testCases.TC_Logintest_001 -->
