<?xml version="1.0" encoding="UTF-8"?>
<!-- Generated by org.testng.reporters.JUnitReportReporter -->
<testsuite hostname="Shivani" name="com.inetbanking.testCases.TC_AddCustomerTest_003" tests="1" failures="0" timestamp="27 Aug 2021 02:57:52 GMT" time="8.766" errors="0">
  <testcase name="addnewcust" time="8.766" classname="com.inetbanking.testCases.TC_AddCustomerTest_003"/>
</testsuite> <!-- com.inetbanking.testCases.TC_AddCustomerTest_003 -->
