<?xml version="1.0" encoding="UTF-8"?>
<!-- Generated by org.testng.reporters.JUnitReportReporter -->
<testsuite skipped="0" hostname="Shivani" name="com.inetbanking.testCases.TC_Logintest_001" tests="1" failures="0" timestamp="30 Aug 2021 17:55:46 GMT" time="0.801" errors="0">
  <testcase name="loginTest" time="0.801" classname="com.inetbanking.testCases.TC_Logintest_001"/>
</testsuite> <!-- com.inetbanking.testCases.TC_Logintest_001 -->
